{"kind":"send-notification","timestamp":1685189715,"payload":{"jsonrpc":"2.0","method":"window/showMessage","params":{"type":2,"message":"VLS is early software. Please report your issue to github.com/vlang/vls if you encounter any problems."}}}
{"kind":"recv-request","timestamp":1685189715,"payload":{"jsonrpc":"2.0","id":0,"method":"initialize","params":{"processId":16532,"clientInfo":{"name":"Visual Studio Code - Insiders","version":"1.79.0-insider"},"locale":"pt-br","rootPath":"c:\\Users\\AndreLuiz\\Documents\\SourceApps\\Vlang\\JsonToVStruct","rootUri":"file:///c%3A/Users/AndreLuiz/Documents/SourceApps/Vlang/JsonToVStruct","capabilities":{"workspace":{"applyEdit":true,"workspaceEdit":{"documentChanges":true,"resourceOperations":["create","rename","delete"],"failureHandling":"textOnlyTransactional","normalizesLineEndings":true,"changeAnnotationSupport":{"groupsOnLabel":true}},"didChangeConfiguration":{"dynamicRegistration":true},"didChangeWatchedFiles":{"dynamicRegistration":true},"symbol":{"dynamicRegistration":true,"symbolKind":{"valueSet":[1,2,3,4,5,6,7,8,9,10,11,12,13,14,15,16,17,18,19,20,21,22,23,24,25,26]},"tagSupport":{"valueSet":[1]}},"codeLens":{"refreshSupport":true},"executeCommand":{"dynamicRegistration":true},"configuration":true,"workspaceFolders":true,"semanticTokens":{"refreshSupport":true},"fileOperations":{"dynamicRegistration":true,"didCreate":true,"didRename":true,"didDelete":true,"willCreate":true,"willRename":true,"willDelete":true}},"textDocument":{"publishDiagnostics":{"relatedInformation":true,"versionSupport":false,"tagSupport":{"valueSet":[1,2]},"codeDescriptionSupport":true,"dataSupport":true},"synchronization":{"dynamicRegistration":true,"willSave":true,"willSaveWaitUntil":true,"didSave":true},"completion":{"dynamicRegistration":true,"contextSupport":true,"completionItem":{"snippetSupport":true,"commitCharactersSupport":true,"documentationFormat":["markdown","plaintext"],"deprecatedSupport":true,"preselectSupport":true,"tagSupport":{"valueSet":[1]},"insertReplaceSupport":true,"resolveSupport":{"properties":["documentation","detail","additionalTextEdits"]},"insertTextModeSupport":{"valueSet":[1,2]}},"completionItemKind":{"valueSet":[1,2,3,4,5,6,7,8,9,10,11,12,13,14,15,16,17,18,19,20,21,22,23,24,25]}},"hover":{"dynamicRegistration":true,"contentFormat":["markdown","plaintext"]},"signatureHelp":{"dynamicRegistration":true,"signatureInformation":{"documentationFormat":["markdown","plaintext"],"parameterInformation":{"labelOffsetSupport":true},"activeParameterSupport":true},"contextSupport":true},"definition":{"dynamicRegistration":true,"linkSupport":true},"references":{"dynamicRegistration":true},"documentHighlight":{"dynamicRegistration":true},"documentSymbol":{"dynamicRegistration":true,"symbolKind":{"valueSet":[1,2,3,4,5,6,7,8,9,10,11,12,13,14,15,16,17,18,19,20,21,22,23,24,25,26]},"hierarchicalDocumentSymbolSupport":true,"tagSupport":{"valueSet":[1]},"labelSupport":true},"codeAction":{"dynamicRegistration":true,"isPreferredSupport":true,"disabledSupport":true,"dataSupport":true,"resolveSupport":{"properties":["edit"]},"codeActionLiteralSupport":{"codeActionKind":{"valueSet":["","quickfix","refactor","refactor.extract","refactor.inline","refactor.rewrite","source","source.organizeImports"]}},"honorsChangeAnnotations":false},"codeLens":{"dynamicRegistration":true},"formatting":{"dynamicRegistration":true},"rangeFormatting":{"dynamicRegistration":true},"onTypeFormatting":{"dynamicRegistration":true},"rename":{"dynamicRegistration":true,"prepareSupport":true,"prepareSupportDefaultBehavior":1,"honorsChangeAnnotations":true},"documentLink":{"dynamicRegistration":true,"tooltipSupport":true},"typeDefinition":{"dynamicRegistration":true,"linkSupport":true},"implementation":{"dynamicRegistration":true,"linkSupport":true},"colorProvider":{"dynamicRegistration":true},"foldingRange":{"dynamicRegistration":true,"rangeLimit":5000,"lineFoldingOnly":true},"declaration":{"dynamicRegistration":true,"linkSupport":true},"selectionRange":{"dynamicRegistration":true},"callHierarchy":{"dynamicRegistration":true},"semanticTokens":{"dynamicRegistration":true,"tokenTypes":["namespace","type","class","enum","interface","struct","typeParameter","parameter","variable","property","enumMember","event","function","method","macro","keyword","modifier","comment","string","number","regexp","operator"],"tokenModifiers":["declaration","definition","readonly","static","deprecated","abstract","async","modification","documentation","defaultLibrary"],"formats":["relative"],"requests":{"range":true,"full":{"delta":true}},"multilineTokenSupport":false,"overlappingTokenSupport":false},"linkedEditingRange":{"dynamicRegistration":true}},"window":{"showMessage":{"messageActionItem":{"additionalPropertiesSupport":true}},"showDocument":{"support":true},"workDoneProgress":true},"general":{"regularExpressions":{"engine":"ECMAScript","version":"ES2020"},"markdown":{"parser":"marked","version":"1.1.0"}}},"trace":"off","workspaceFolders":[{"uri":"file:///c%3A/Users/AndreLuiz/Documents/SourceApps/Vlang/JsonToVStruct","name":"JsonToVStruct"}]}}}
{"kind":"send-notification","timestamp":1685189715,"payload":{"jsonrpc":"2.0","method":"window/logMessage","params":{"type":3,"message":"VLS Version: 0.0.1.1828a1e, OS: windows 64"}}}
{"kind":"send-notification","timestamp":1685189715,"payload":{"jsonrpc":"2.0","method":"window/logMessage","params":{"type":3,"message":"VLS executable path: c:\\v\\vls\\bin\\vls.exe"}}}
{"kind":"send-notification","timestamp":1685189715,"payload":{"jsonrpc":"2.0","method":"window/logMessage","params":{"type":3,"message":"VLS build with V d7a418f"}}}
{"kind":"send-notification","timestamp":1685189715,"payload":{"jsonrpc":"2.0","method":"window/logMessage","params":{"type":3,"message":"Client / Editor: Visual Studio Code - Insiders 1.79.0-insider (PID: 16532)"}}}
{"kind":"send-notification","timestamp":1685189715,"payload":{"jsonrpc":"2.0","method":"window/logMessage","params":{"type":3,"message":"Using V path (VROOT): c:\\v"}}}
{"kind":"send-notification","timestamp":1685189715,"payload":{"jsonrpc":"2.0","method":"window/logMessage","params":{"type":3,"message":"is_logger_installed: true | is_logger_enabled: true | params.trace: off"}}}
{"kind":"send-notification","timestamp":1685189715,"payload":{"jsonrpc":"2.0","id":0,"result":{"capabilities":{"textDocumentSync":2,"hoverProvider":true,"completionProvider":{"resolveProvider":false,"triggerCharacters":["=",".",":","{",",","("," "]},"signatureHelpProvider":{"triggerCharacters":["("],"retriggerCharacters":[","," "]},"definitionProvider":true,"typeDefinitionProvider":false,"implementationProvider":true,"referencesProvider":false,"documentHighlightProvider":false,"documentSymbolProvider":true,"workspaceSymbolProvider":true,"codeActionProvider":false,"codeLensProvider":{"resolveProvider":false},"documentFormattingProvider":true,"documentOnTypeFormattingProvider":{"firstTriggerCharacter":"","moreTriggerCharacter":[]},"renameProvider":false,"documentLinkProvider":{"resolveProvider":false},"colorProvider":false,"declarationProvider":false,"executeCommandProvider":{"commands":[]},"foldingRangeProvider":true,"experimental":{}}}}}
{"kind":"recv-notification","timestamp":1685189715,"payload":{"jsonrpc":"2.0","method":"initialized","params":{}}}
{"kind":"recv-notification","timestamp":1685189715,"payload":{"jsonrpc":"2.0","method":"textDocument/didOpen","params":{"textDocument":{"uri":"file:///c%3A/Users/AndreLuiz/Documents/SourceApps/Vlang/JsonToVStruct/src/main.v","languageId":"v","version":1,"text":"module main\n\nfn main() {\n\tprintln('Hello World!')\n}\n"}}}}
{"kind":"send-notification","timestamp":1685189715,"payload":{"jsonrpc":"2.0","method":"textDocument/publishDiagnostics","params":{"uri":"file:///c%3A/Users/AndreLuiz/Documents/SourceApps/Vlang/JsonToVStruct/src/main.v","diagnostics":[]}}}
{"kind":"send-notification","timestamp":1685189715,"payload":{"jsonrpc":"2.0","method":"textDocument/publishDiagnostics","params":{"uri":"file:///c%3A/Users/AndreLuiz/Documents/SourceApps/Vlang/JsonToVStruct/src/main.v","diagnostics":[]}}}
{"kind":"recv-request","timestamp":1685189715,"payload":{"jsonrpc":"2.0","id":1,"method":"textDocument/documentSymbol","params":{"textDocument":{"uri":"file:///c%3A/Users/AndreLuiz/Documents/SourceApps/Vlang/JsonToVStruct/src/main.v"}}}}
{"kind":"send-notification","timestamp":1685189715,"payload":{"jsonrpc":"2.0","id":1,"result":[{"name":"main","kind":12,"deprecated":false,"location":{"uri":"file:///c%3A/Users/AndreLuiz/Documents/SourceApps/Vlang/JsonToVStruct/src/main.v","range":{"start":{"line":2,"character":3},"end":{"line":2,"character":7}}},"containerName":""}]}}
{"kind":"recv-request","timestamp":1685189715,"payload":{"jsonrpc":"2.0","id":2,"method":"textDocument/documentLink","params":{"textDocument":{"uri":"file:///c%3A/Users/AndreLuiz/Documents/SourceApps/Vlang/JsonToVStruct/src/main.v"}}}}
{"kind":"send-notification","timestamp":1685189715,"payload":{"jsonrpc":"2.0","id":2,"result":null}}
{"kind":"send-notification","timestamp":1685189715,"payload":{"jsonrpc":"2.0","id":2,"result":null}}
{"kind":"recv-request","timestamp":1685189715,"payload":{"jsonrpc":"2.0","id":3,"method":"textDocument/documentSymbol","params":{"textDocument":{"uri":"file:///c%3A/Users/AndreLuiz/Documents/SourceApps/Vlang/JsonToVStruct/src/main.v"}}}}
{"kind":"send-notification","timestamp":1685189715,"payload":{"jsonrpc":"2.0","id":3,"result":[{"name":"main","kind":12,"deprecated":false,"location":{"uri":"file:///c%3A/Users/AndreLuiz/Documents/SourceApps/Vlang/JsonToVStruct/src/main.v","range":{"start":{"line":2,"character":3},"end":{"line":2,"character":7}}},"containerName":""}]}}
{"kind":"recv-request","timestamp":1685189715,"payload":{"jsonrpc":"2.0","id":4,"method":"textDocument/codeLens","params":{"textDocument":{"uri":"file:///c%3A/Users/AndreLuiz/Documents/SourceApps/Vlang/JsonToVStruct/src/main.v"}}}}
{"kind":"send-notification","timestamp":1685189715,"payload":{"jsonrpc":"2.0","id":4,"result":null}}
{"kind":"send-notification","timestamp":1685189715,"payload":{"jsonrpc":"2.0","id":4,"result":null}}
{"kind":"recv-request","timestamp":1685189716,"payload":{"jsonrpc":"2.0","id":5,"method":"textDocument/foldingRange","params":{"textDocument":{"uri":"file:///c%3A/Users/AndreLuiz/Documents/SourceApps/Vlang/JsonToVStruct/src/main.v"}}}}
{"kind":"send-notification","timestamp":1685189716,"payload":{"jsonrpc":"2.0","id":5,"result":[{"startLine":2,"startCharacter":10,"endLine":4,"endCharacter":1,"kind":"region"}]}}
{"kind":"recv-notification","timestamp":1685189718,"payload":{"jsonrpc":"2.0","method":"textDocument/didChange","params":{"textDocument":{"uri":"file:///c%3A/Users/AndreLuiz/Documents/SourceApps/Vlang/JsonToVStruct/src/main.v","version":2},"contentChanges":[{"range":{"start":{"line":1,"character":0},"end":{"line":4,"character":1}},"rangeLength":39,"text":""}]}}}
{"kind":"recv-request","timestamp":1685189718,"payload":{"jsonrpc":"2.0","id":6,"method":"textDocument/foldingRange","params":{"textDocument":{"uri":"file:///c%3A/Users/AndreLuiz/Documents/SourceApps/Vlang/JsonToVStruct/src/main.v"}}}}
{"kind":"send-notification","timestamp":1685189718,"payload":{"jsonrpc":"2.0","id":6,"result":[]}}
{"kind":"recv-request","timestamp":1685189718,"payload":{"jsonrpc":"2.0","id":7,"method":"textDocument/codeLens","params":{"textDocument":{"uri":"file:///c%3A/Users/AndreLuiz/Documents/SourceApps/Vlang/JsonToVStruct/src/main.v"}}}}
{"kind":"send-notification","timestamp":1685189718,"payload":{"jsonrpc":"2.0","id":7,"result":null}}
{"kind":"send-notification","timestamp":1685189718,"payload":{"jsonrpc":"2.0","id":7,"result":null}}
{"kind":"recv-request","timestamp":1685189718,"payload":{"jsonrpc":"2.0","id":8,"method":"textDocument/documentSymbol","params":{"textDocument":{"uri":"file:///c%3A/Users/AndreLuiz/Documents/SourceApps/Vlang/JsonToVStruct/src/main.v"}}}}
{"kind":"send-notification","timestamp":1685189718,"payload":{"jsonrpc":"2.0","id":8,"result":[{"name":"main","kind":12,"deprecated":false,"location":{"uri":"file:///c%3A/Users/AndreLuiz/Documents/SourceApps/Vlang/JsonToVStruct/src/main.v","range":{"start":{"line":2,"character":3},"end":{"line":2,"character":7}}},"containerName":""}]}}
{"kind":"recv-request","timestamp":1685189718,"payload":{"jsonrpc":"2.0","id":9,"method":"textDocument/documentSymbol","params":{"textDocument":{"uri":"file:///c%3A/Users/AndreLuiz/Documents/SourceApps/Vlang/JsonToVStruct/src/main.v"}}}}
{"kind":"send-notification","timestamp":1685189718,"payload":{"jsonrpc":"2.0","id":9,"result":[{"name":"main","kind":12,"deprecated":false,"location":{"uri":"file:///c%3A/Users/AndreLuiz/Documents/SourceApps/Vlang/JsonToVStruct/src/main.v","range":{"start":{"line":2,"character":3},"end":{"line":2,"character":7}}},"containerName":""}]}}
{"kind":"send-notification","timestamp":1685189718,"payload":{"jsonrpc":"2.0","method":"textDocument/publishDiagnostics","params":{"uri":"file:///c%3A/Users/AndreLuiz/Documents/SourceApps/Vlang/JsonToVStruct/src/main.v","diagnostics":[]}}}
{"kind":"recv-request","timestamp":1685189719,"payload":{"jsonrpc":"2.0","id":10,"method":"textDocument/documentLink","params":{"textDocument":{"uri":"file:///c%3A/Users/AndreLuiz/Documents/SourceApps/Vlang/JsonToVStruct/src/main.v"}}}}
{"kind":"send-notification","timestamp":1685189719,"payload":{"jsonrpc":"2.0","id":10,"result":null}}
{"kind":"send-notification","timestamp":1685189719,"payload":{"jsonrpc":"2.0","id":10,"result":null}}
{"kind":"recv-notification","timestamp":1685189719,"payload":{"jsonrpc":"2.0","method":"textDocument/didSave","params":{"textDocument":{"uri":"file:///c%3A/Users/AndreLuiz/Documents/SourceApps/Vlang/JsonToVStruct/src/main.v"}}}}
{"kind":"send-notification","timestamp":1685189719,"payload":{"jsonrpc":"2.0","method":"textDocument/publishDiagnostics","params":{"uri":"file:///c%3A/Users/AndreLuiz/Documents/SourceApps/Vlang/JsonToVStruct/src/main.v","diagnostics":[]}}}
{"kind":"recv-notification","timestamp":1685189720,"payload":{"jsonrpc":"2.0","method":"workspace/didChangeWatchedFiles","params":{"changes":[{"uri":"file:///c%3A/Users/AndreLuiz/Documents/SourceApps/Vlang/JsonToVStruct/src/main.v","type":2},{"uri":"file:///c%3A/Users/AndreLuiz/Documents/SourceApps/Vlang/JsonToVStruct/src/main.v","type":2}]}}}
{"kind":"recv-request","timestamp":1685189990,"payload":{"jsonrpc":"2.0","id":11,"method":"textDocument/documentLink","params":{"textDocument":{"uri":"file:///c%3A/Users/AndreLuiz/Documents/SourceApps/Vlang/JsonToVStruct/src/main.v"}}}}
{"kind":"send-notification","timestamp":1685189990,"payload":{"jsonrpc":"2.0","id":11,"result":null}}
{"kind":"send-notification","timestamp":1685189990,"payload":{"jsonrpc":"2.0","id":11,"result":null}}
{"kind":"recv-request","timestamp":1685189990,"payload":{"jsonrpc":"2.0","id":12,"method":"textDocument/foldingRange","params":{"textDocument":{"uri":"file:///c%3A/Users/AndreLuiz/Documents/SourceApps/Vlang/JsonToVStruct/src/main.v"}}}}
{"kind":"send-notification","timestamp":1685189990,"payload":{"jsonrpc":"2.0","id":12,"result":[]}}
{"kind":"recv-request","timestamp":1685189990,"payload":{"jsonrpc":"2.0","id":13,"method":"textDocument/codeLens","params":{"textDocument":{"uri":"file:///c%3A/Users/AndreLuiz/Documents/SourceApps/Vlang/JsonToVStruct/src/main.v"}}}}
{"kind":"send-notification","timestamp":1685189990,"payload":{"jsonrpc":"2.0","id":13,"result":null}}
{"kind":"send-notification","timestamp":1685189990,"payload":{"jsonrpc":"2.0","id":13,"result":null}}
{"kind":"recv-request","timestamp":1685189990,"payload":{"jsonrpc":"2.0","id":14,"method":"textDocument/documentSymbol","params":{"textDocument":{"uri":"file:///c%3A/Users/AndreLuiz/Documents/SourceApps/Vlang/JsonToVStruct/src/main.v"}}}}
{"kind":"send-notification","timestamp":1685189990,"payload":{"jsonrpc":"2.0","id":14,"result":[{"name":"main","kind":12,"deprecated":false,"location":{"uri":"file:///c%3A/Users/AndreLuiz/Documents/SourceApps/Vlang/JsonToVStruct/src/main.v","range":{"start":{"line":2,"character":3},"end":{"line":2,"character":7}}},"containerName":""}]}}
{"kind":"recv-request","timestamp":1685189996,"payload":{"jsonrpc":"2.0","id":15,"method":"textDocument/codeLens","params":{"textDocument":{"uri":"file:///c%3A/Users/AndreLuiz/Documents/SourceApps/Vlang/JsonToVStruct/src/main.v"}}}}
{"kind":"send-notification","timestamp":1685189996,"payload":{"jsonrpc":"2.0","id":15,"result":null}}
{"kind":"send-notification","timestamp":1685189996,"payload":{"jsonrpc":"2.0","id":15,"result":null}}
{"kind":"recv-request","timestamp":1685190000,"payload":{"jsonrpc":"2.0","id":16,"method":"textDocument/codeLens","params":{"textDocument":{"uri":"file:///c%3A/Users/AndreLuiz/Documents/SourceApps/Vlang/JsonToVStruct/src/main.v"}}}}
{"kind":"send-notification","timestamp":1685190000,"payload":{"jsonrpc":"2.0","id":16,"result":null}}
{"kind":"send-notification","timestamp":1685190000,"payload":{"jsonrpc":"2.0","id":16,"result":null}}
{"kind":"recv-request","timestamp":1685190029,"payload":{"jsonrpc":"2.0","id":17,"method":"textDocument/documentLink","params":{"textDocument":{"uri":"file:///c%3A/Users/AndreLuiz/Documents/SourceApps/Vlang/JsonToVStruct/src/main.v"}}}}
{"kind":"send-notification","timestamp":1685190029,"payload":{"jsonrpc":"2.0","id":17,"result":null}}
{"kind":"send-notification","timestamp":1685190029,"payload":{"jsonrpc":"2.0","id":17,"result":null}}
{"kind":"recv-request","timestamp":1685190030,"payload":{"jsonrpc":"2.0","id":18,"method":"textDocument/foldingRange","params":{"textDocument":{"uri":"file:///c%3A/Users/AndreLuiz/Documents/SourceApps/Vlang/JsonToVStruct/src/main.v"}}}}
{"kind":"send-notification","timestamp":1685190030,"payload":{"jsonrpc":"2.0","id":18,"result":[]}}
{"kind":"recv-request","timestamp":1685190030,"payload":{"jsonrpc":"2.0","id":19,"method":"textDocument/codeLens","params":{"textDocument":{"uri":"file:///c%3A/Users/AndreLuiz/Documents/SourceApps/Vlang/JsonToVStruct/src/main.v"}}}}
{"kind":"send-notification","timestamp":1685190030,"payload":{"jsonrpc":"2.0","id":19,"result":null}}
{"kind":"send-notification","timestamp":1685190030,"payload":{"jsonrpc":"2.0","id":19,"result":null}}
{"kind":"recv-request","timestamp":1685190030,"payload":{"jsonrpc":"2.0","id":20,"method":"textDocument/documentSymbol","params":{"textDocument":{"uri":"file:///c%3A/Users/AndreLuiz/Documents/SourceApps/Vlang/JsonToVStruct/src/main.v"}}}}
{"kind":"send-notification","timestamp":1685190030,"payload":{"jsonrpc":"2.0","id":20,"result":[{"name":"main","kind":12,"deprecated":false,"location":{"uri":"file:///c%3A/Users/AndreLuiz/Documents/SourceApps/Vlang/JsonToVStruct/src/main.v","range":{"start":{"line":2,"character":3},"end":{"line":2,"character":7}}},"containerName":""}]}}
{"kind":"recv-request","timestamp":1685190043,"payload":{"jsonrpc":"2.0","id":21,"method":"textDocument/documentLink","params":{"textDocument":{"uri":"file:///c%3A/Users/AndreLuiz/Documents/SourceApps/Vlang/JsonToVStruct/src/main.v"}}}}
{"kind":"send-notification","timestamp":1685190043,"payload":{"jsonrpc":"2.0","id":21,"result":null}}
{"kind":"send-notification","timestamp":1685190043,"payload":{"jsonrpc":"2.0","id":21,"result":null}}
{"kind":"recv-request","timestamp":1685190043,"payload":{"jsonrpc":"2.0","id":22,"method":"textDocument/foldingRange","params":{"textDocument":{"uri":"file:///c%3A/Users/AndreLuiz/Documents/SourceApps/Vlang/JsonToVStruct/src/main.v"}}}}
{"kind":"send-notification","timestamp":1685190043,"payload":{"jsonrpc":"2.0","id":22,"result":[]}}
{"kind":"recv-request","timestamp":1685190043,"payload":{"jsonrpc":"2.0","id":23,"method":"textDocument/codeLens","params":{"textDocument":{"uri":"file:///c%3A/Users/AndreLuiz/Documents/SourceApps/Vlang/JsonToVStruct/src/main.v"}}}}
{"kind":"send-notification","timestamp":1685190043,"payload":{"jsonrpc":"2.0","id":23,"result":null}}
{"kind":"send-notification","timestamp":1685190043,"payload":{"jsonrpc":"2.0","id":23,"result":null}}
{"kind":"recv-request","timestamp":1685190043,"payload":{"jsonrpc":"2.0","id":24,"method":"textDocument/documentSymbol","params":{"textDocument":{"uri":"file:///c%3A/Users/AndreLuiz/Documents/SourceApps/Vlang/JsonToVStruct/src/main.v"}}}}
{"kind":"send-notification","timestamp":1685190043,"payload":{"jsonrpc":"2.0","id":24,"result":[{"name":"main","kind":12,"deprecated":false,"location":{"uri":"file:///c%3A/Users/AndreLuiz/Documents/SourceApps/Vlang/JsonToVStruct/src/main.v","range":{"start":{"line":2,"character":3},"end":{"line":2,"character":7}}},"containerName":""}]}}
{"kind":"recv-request","timestamp":1685190051,"payload":{"jsonrpc":"2.0","id":25,"method":"textDocument/documentLink","params":{"textDocument":{"uri":"file:///c%3A/Users/AndreLuiz/Documents/SourceApps/Vlang/JsonToVStruct/src/main.v"}}}}
{"kind":"send-notification","timestamp":1685190051,"payload":{"jsonrpc":"2.0","id":25,"result":null}}
{"kind":"send-notification","timestamp":1685190051,"payload":{"jsonrpc":"2.0","id":25,"result":null}}
{"kind":"recv-request","timestamp":1685190051,"payload":{"jsonrpc":"2.0","id":26,"method":"textDocument/foldingRange","params":{"textDocument":{"uri":"file:///c%3A/Users/AndreLuiz/Documents/SourceApps/Vlang/JsonToVStruct/src/main.v"}}}}
{"kind":"send-notification","timestamp":1685190051,"payload":{"jsonrpc":"2.0","id":26,"result":[]}}
{"kind":"recv-request","timestamp":1685190051,"payload":{"jsonrpc":"2.0","id":27,"method":"textDocument/codeLens","params":{"textDocument":{"uri":"file:///c%3A/Users/AndreLuiz/Documents/SourceApps/Vlang/JsonToVStruct/src/main.v"}}}}
{"kind":"send-notification","timestamp":1685190051,"payload":{"jsonrpc":"2.0","id":27,"result":null}}
{"kind":"send-notification","timestamp":1685190051,"payload":{"jsonrpc":"2.0","id":27,"result":null}}
{"kind":"recv-request","timestamp":1685190051,"payload":{"jsonrpc":"2.0","id":28,"method":"textDocument/documentSymbol","params":{"textDocument":{"uri":"file:///c%3A/Users/AndreLuiz/Documents/SourceApps/Vlang/JsonToVStruct/src/main.v"}}}}
{"kind":"send-notification","timestamp":1685190051,"payload":{"jsonrpc":"2.0","id":28,"result":[{"name":"main","kind":12,"deprecated":false,"location":{"uri":"file:///c%3A/Users/AndreLuiz/Documents/SourceApps/Vlang/JsonToVStruct/src/main.v","range":{"start":{"line":2,"character":3},"end":{"line":2,"character":7}}},"containerName":""}]}}
{"kind":"recv-notification","timestamp":1685190053,"payload":{"jsonrpc":"2.0","method":"textDocument/didOpen","params":{"textDocument":{"uri":"file:///c%3A/Users/AndreLuiz/Documents/SourceApps/Vlang/JsonToVStruct/v.mod","languageId":"v","version":1,"text":"Module {\n\tname: 'JsonToVStruct'\n\tdescription: ''\n\tversion: ''\n\tlicense: ''\n\tdependencies: []\n}\n"}}}}
{"kind":"send-notification","timestamp":1685190053,"payload":{"jsonrpc":"2.0","method":"textDocument/publishDiagnostics","params":{"uri":"file:///c%3A/Users/AndreLuiz/Documents/SourceApps/Vlang/JsonToVStruct/v.mod","diagnostics":[]}}}
{"kind":"send-notification","timestamp":1685190053,"payload":{"jsonrpc":"2.0","method":"textDocument/publishDiagnostics","params":{"uri":"file:///c%3A/Users/AndreLuiz/Documents/SourceApps/Vlang/JsonToVStruct/v.mod","diagnostics":[]}}}
{"kind":"recv-request","timestamp":1685190053,"payload":{"jsonrpc":"2.0","id":29,"method":"textDocument/documentSymbol","params":{"textDocument":{"uri":"file:///c%3A/Users/AndreLuiz/Documents/SourceApps/Vlang/JsonToVStruct/v.mod"}}}}
{"kind":"send-notification","timestamp":1685190053,"payload":{"jsonrpc":"2.0","id":29,"result":[]}}
{"kind":"recv-request","timestamp":1685190053,"payload":{"jsonrpc":"2.0","id":30,"method":"textDocument/documentLink","params":{"textDocument":{"uri":"file:///c%3A/Users/AndreLuiz/Documents/SourceApps/Vlang/JsonToVStruct/v.mod"}}}}
{"kind":"send-notification","timestamp":1685190053,"payload":{"jsonrpc":"2.0","id":30,"result":null}}
{"kind":"send-notification","timestamp":1685190053,"payload":{"jsonrpc":"2.0","id":30,"result":null}}
{"kind":"recv-request","timestamp":1685190053,"payload":{"jsonrpc":"2.0","id":31,"method":"textDocument/foldingRange","params":{"textDocument":{"uri":"file:///c%3A/Users/AndreLuiz/Documents/SourceApps/Vlang/JsonToVStruct/v.mod"}}}}
{"kind":"send-notification","timestamp":1685190053,"payload":{"jsonrpc":"2.0","id":31,"result":[{"startLine":0,"startCharacter":7,"endLine":6,"endCharacter":1,"kind":"region"}]}}
{"kind":"recv-request","timestamp":1685190053,"payload":{"jsonrpc":"2.0","id":32,"method":"textDocument/codeLens","params":{"textDocument":{"uri":"file:///c%3A/Users/AndreLuiz/Documents/SourceApps/Vlang/JsonToVStruct/v.mod"}}}}
{"kind":"send-notification","timestamp":1685190053,"payload":{"jsonrpc":"2.0","id":32,"result":null}}
{"kind":"send-notification","timestamp":1685190053,"payload":{"jsonrpc":"2.0","id":32,"result":null}}
{"kind":"recv-request","timestamp":1685190053,"payload":{"jsonrpc":"2.0","id":33,"method":"textDocument/documentSymbol","params":{"textDocument":{"uri":"file:///c%3A/Users/AndreLuiz/Documents/SourceApps/Vlang/JsonToVStruct/v.mod"}}}}
{"kind":"send-notification","timestamp":1685190053,"payload":{"jsonrpc":"2.0","id":33,"result":[]}}
{"kind":"recv-request","timestamp":1685190053,"payload":{"jsonrpc":"2.0","id":34,"method":"textDocument/foldingRange","params":{"textDocument":{"uri":"file:///c%3A/Users/AndreLuiz/Documents/SourceApps/Vlang/JsonToVStruct/v.mod"}}}}
{"kind":"send-notification","timestamp":1685190053,"payload":{"jsonrpc":"2.0","id":34,"result":[{"startLine":0,"startCharacter":7,"endLine":6,"endCharacter":1,"kind":"region"}]}}
{"kind":"recv-request","timestamp":1685190055,"payload":{"jsonrpc":"2.0","id":35,"method":"textDocument/hover","params":{"textDocument":{"uri":"file:///c%3A/Users/AndreLuiz/Documents/SourceApps/Vlang/JsonToVStruct/v.mod"},"position":{"line":2,"character":13}}}}
{"kind":"send-notification","timestamp":1685190055,"payload":{"jsonrpc":"2.0","id":35,"result":{"contents":{"language":"v","value":"pub struct string","_type":"MarkedString"},"range":{"start":{"line":2,"character":14},"end":{"line":2,"character":16}}}}}
{"kind":"recv-notification","timestamp":1685190056,"payload":{"jsonrpc":"2.0","method":"textDocument/didClose","params":{"textDocument":{"uri":"file:///c%3A/Users/AndreLuiz/Documents/SourceApps/Vlang/JsonToVStruct/v.mod"}}}}
{"kind":"recv-request","timestamp":1685190061,"payload":{"jsonrpc":"2.0","id":36,"method":"textDocument/documentLink","params":{"textDocument":{"uri":"file:///c%3A/Users/AndreLuiz/Documents/SourceApps/Vlang/JsonToVStruct/src/main.v"}}}}
{"kind":"send-notification","timestamp":1685190061,"payload":{"jsonrpc":"2.0","id":36,"result":null}}
{"kind":"send-notification","timestamp":1685190061,"payload":{"jsonrpc":"2.0","id":36,"result":null}}
{"kind":"recv-request","timestamp":1685190061,"payload":{"jsonrpc":"2.0","id":37,"method":"textDocument/foldingRange","params":{"textDocument":{"uri":"file:///c%3A/Users/AndreLuiz/Documents/SourceApps/Vlang/JsonToVStruct/src/main.v"}}}}
{"kind":"send-notification","timestamp":1685190061,"payload":{"jsonrpc":"2.0","id":37,"result":[]}}
{"kind":"recv-request","timestamp":1685190061,"payload":{"jsonrpc":"2.0","id":38,"method":"textDocument/codeLens","params":{"textDocument":{"uri":"file:///c%3A/Users/AndreLuiz/Documents/SourceApps/Vlang/JsonToVStruct/src/main.v"}}}}
{"kind":"send-notification","timestamp":1685190061,"payload":{"jsonrpc":"2.0","id":38,"result":null}}
{"kind":"send-notification","timestamp":1685190061,"payload":{"jsonrpc":"2.0","id":38,"result":null}}
{"kind":"recv-request","timestamp":1685190061,"payload":{"jsonrpc":"2.0","id":39,"method":"textDocument/documentSymbol","params":{"textDocument":{"uri":"file:///c%3A/Users/AndreLuiz/Documents/SourceApps/Vlang/JsonToVStruct/src/main.v"}}}}
{"kind":"send-notification","timestamp":1685190061,"payload":{"jsonrpc":"2.0","id":39,"result":[{"name":"main","kind":12,"deprecated":false,"location":{"uri":"file:///c%3A/Users/AndreLuiz/Documents/SourceApps/Vlang/JsonToVStruct/src/main.v","range":{"start":{"line":2,"character":3},"end":{"line":2,"character":7}}},"containerName":""}]}}
{"kind":"recv-notification","timestamp":1685190063,"payload":{"jsonrpc":"2.0","method":"textDocument/didOpen","params":{"textDocument":{"uri":"file:///c%3A/Users/AndreLuiz/Documents/SourceApps/Vlang/JsonToVStruct/v.mod","languageId":"v","version":1,"text":"Module {\n\tname: 'JsonToVStruct'\n\tdescription: ''\n\tversion: ''\n\tlicense: ''\n\tdependencies: []\n}\n"}}}}
{"kind":"send-notification","timestamp":1685190063,"payload":{"jsonrpc":"2.0","method":"textDocument/publishDiagnostics","params":{"uri":"file:///c%3A/Users/AndreLuiz/Documents/SourceApps/Vlang/JsonToVStruct/v.mod","diagnostics":[]}}}
{"kind":"send-notification","timestamp":1685190063,"payload":{"jsonrpc":"2.0","method":"textDocument/publishDiagnostics","params":{"uri":"file:///c%3A/Users/AndreLuiz/Documents/SourceApps/Vlang/JsonToVStruct/v.mod","diagnostics":[]}}}
{"kind":"recv-request","timestamp":1685190063,"payload":{"jsonrpc":"2.0","id":40,"method":"textDocument/documentSymbol","params":{"textDocument":{"uri":"file:///c%3A/Users/AndreLuiz/Documents/SourceApps/Vlang/JsonToVStruct/v.mod"}}}}
{"kind":"send-notification","timestamp":1685190063,"payload":{"jsonrpc":"2.0","id":40,"result":[]}}
{"kind":"recv-request","timestamp":1685190063,"payload":{"jsonrpc":"2.0","id":41,"method":"textDocument/documentLink","params":{"textDocument":{"uri":"file:///c%3A/Users/AndreLuiz/Documents/SourceApps/Vlang/JsonToVStruct/v.mod"}}}}
{"kind":"send-notification","timestamp":1685190063,"payload":{"jsonrpc":"2.0","id":41,"result":null}}
{"kind":"send-notification","timestamp":1685190063,"payload":{"jsonrpc":"2.0","id":41,"result":null}}
{"kind":"recv-request","timestamp":1685190063,"payload":{"jsonrpc":"2.0","id":42,"method":"textDocument/foldingRange","params":{"textDocument":{"uri":"file:///c%3A/Users/AndreLuiz/Documents/SourceApps/Vlang/JsonToVStruct/v.mod"}}}}
{"kind":"send-notification","timestamp":1685190063,"payload":{"jsonrpc":"2.0","id":42,"result":[{"startLine":0,"startCharacter":7,"endLine":6,"endCharacter":1,"kind":"region"}]}}
{"kind":"recv-request","timestamp":1685190063,"payload":{"jsonrpc":"2.0","id":43,"method":"textDocument/codeLens","params":{"textDocument":{"uri":"file:///c%3A/Users/AndreLuiz/Documents/SourceApps/Vlang/JsonToVStruct/v.mod"}}}}
{"kind":"send-notification","timestamp":1685190063,"payload":{"jsonrpc":"2.0","id":43,"result":null}}
{"kind":"send-notification","timestamp":1685190063,"payload":{"jsonrpc":"2.0","id":43,"result":null}}
{"kind":"recv-request","timestamp":1685190063,"payload":{"jsonrpc":"2.0","id":44,"method":"textDocument/documentSymbol","params":{"textDocument":{"uri":"file:///c%3A/Users/AndreLuiz/Documents/SourceApps/Vlang/JsonToVStruct/v.mod"}}}}
{"kind":"send-notification","timestamp":1685190063,"payload":{"jsonrpc":"2.0","id":44,"result":[]}}
{"kind":"recv-request","timestamp":1685190063,"payload":{"jsonrpc":"2.0","id":45,"method":"textDocument/foldingRange","params":{"textDocument":{"uri":"file:///c%3A/Users/AndreLuiz/Documents/SourceApps/Vlang/JsonToVStruct/v.mod"}}}}
{"kind":"send-notification","timestamp":1685190063,"payload":{"jsonrpc":"2.0","id":45,"result":[{"startLine":0,"startCharacter":7,"endLine":6,"endCharacter":1,"kind":"region"}]}}
{"kind":"recv-request","timestamp":1685190063,"payload":{"jsonrpc":"2.0","id":46,"method":"textDocument/hover","params":{"textDocument":{"uri":"file:///c%3A/Users/AndreLuiz/Documents/SourceApps/Vlang/JsonToVStruct/v.mod"},"position":{"line":3,"character":9}}}}
{"kind":"send-notification","timestamp":1685190063,"payload":{"jsonrpc":"2.0","id":46,"result":{"contents":{"language":"v","value":"pub struct string","_type":"MarkedString"},"range":{"start":{"line":3,"character":10},"end":{"line":3,"character":12}}}}}
{"kind":"recv-request","timestamp":1685190064,"payload":{"jsonrpc":"2.0","id":47,"method":"textDocument/hover","params":{"textDocument":{"uri":"file:///c%3A/Users/AndreLuiz/Documents/SourceApps/Vlang/JsonToVStruct/v.mod"},"position":{"line":2,"character":11}}}}
{"kind":"send-notification","timestamp":1685190064,"payload":{"jsonrpc":"2.0","id":47,"result":null}}
{"kind":"recv-request","timestamp":1685190064,"payload":{"jsonrpc":"2.0","id":48,"method":"textDocument/hover","params":{"textDocument":{"uri":"file:///c%3A/Users/AndreLuiz/Documents/SourceApps/Vlang/JsonToVStruct/v.mod"},"position":{"line":2,"character":13}}}}
{"kind":"send-notification","timestamp":1685190064,"payload":{"jsonrpc":"2.0","id":48,"result":{"contents":{"language":"v","value":"pub struct string","_type":"MarkedString"},"range":{"start":{"line":2,"character":14},"end":{"line":2,"character":16}}}}}
{"kind":"recv-request","timestamp":1685190064,"payload":{"jsonrpc":"2.0","id":49,"method":"textDocument/hover","params":{"textDocument":{"uri":"file:///c%3A/Users/AndreLuiz/Documents/SourceApps/Vlang/JsonToVStruct/v.mod"},"position":{"line":2,"character":15}}}}
{"kind":"send-notification","timestamp":1685190064,"payload":{"jsonrpc":"2.0","id":49,"result":{"contents":{"language":"v","value":"pub struct string","_type":"MarkedString"},"range":{"start":{"line":2,"character":14},"end":{"line":2,"character":16}}}}}
{"kind":"recv-request","timestamp":1685190065,"payload":{"jsonrpc":"2.0","id":50,"method":"textDocument/codeLens","params":{"textDocument":{"uri":"file:///c%3A/Users/AndreLuiz/Documents/SourceApps/Vlang/JsonToVStruct/v.mod"}}}}
{"kind":"send-notification","timestamp":1685190065,"payload":{"jsonrpc":"2.0","id":50,"result":null}}
{"kind":"send-notification","timestamp":1685190065,"payload":{"jsonrpc":"2.0","id":50,"result":null}}
{"kind":"recv-notification","timestamp":1685190065,"payload":{"jsonrpc":"2.0","method":"textDocument/didChange","params":{"textDocument":{"uri":"file:///c%3A/Users/AndreLuiz/Documents/SourceApps/Vlang/JsonToVStruct/v.mod","version":2},"contentChanges":[{"range":{"start":{"line":2,"character":15},"end":{"line":2,"character":15}},"rangeLength":0,"text":"Convert JSON to a struct/sumtype in V"}]}}}
{"kind":"recv-request","timestamp":1685190065,"payload":{"jsonrpc":"2.0","id":51,"method":"textDocument/foldingRange","params":{"textDocument":{"uri":"file:///c%3A/Users/AndreLuiz/Documents/SourceApps/Vlang/JsonToVStruct/v.mod"}}}}
{"kind":"send-notification","timestamp":1685190065,"payload":{"jsonrpc":"2.0","id":51,"result":[{"startLine":0,"startCharacter":7,"endLine":6,"endCharacter":1,"kind":"region"}]}}
{"kind":"recv-request","timestamp":1685190065,"payload":{"jsonrpc":"2.0","id":52,"method":"textDocument/codeLens","params":{"textDocument":{"uri":"file:///c%3A/Users/AndreLuiz/Documents/SourceApps/Vlang/JsonToVStruct/v.mod"}}}}
{"kind":"send-notification","timestamp":1685190065,"payload":{"jsonrpc":"2.0","id":52,"result":null}}
{"kind":"send-notification","timestamp":1685190065,"payload":{"jsonrpc":"2.0","id":52,"result":null}}
{"kind":"recv-request","timestamp":1685190065,"payload":{"jsonrpc":"2.0","id":53,"method":"textDocument/documentSymbol","params":{"textDocument":{"uri":"file:///c%3A/Users/AndreLuiz/Documents/SourceApps/Vlang/JsonToVStruct/v.mod"}}}}
{"kind":"send-notification","timestamp":1685190065,"payload":{"jsonrpc":"2.0","id":53,"result":[]}}
{"kind":"recv-request","timestamp":1685190065,"payload":{"jsonrpc":"2.0","id":54,"method":"textDocument/documentSymbol","params":{"textDocument":{"uri":"file:///c%3A/Users/AndreLuiz/Documents/SourceApps/Vlang/JsonToVStruct/v.mod"}}}}
{"kind":"send-notification","timestamp":1685190065,"payload":{"jsonrpc":"2.0","id":54,"result":[]}}
{"kind":"recv-request","timestamp":1685190065,"payload":{"jsonrpc":"2.0","id":55,"method":"textDocument/foldingRange","params":{"textDocument":{"uri":"file:///c%3A/Users/AndreLuiz/Documents/SourceApps/Vlang/JsonToVStruct/v.mod"}}}}
{"kind":"send-notification","timestamp":1685190065,"payload":{"jsonrpc":"2.0","method":"textDocument/publishDiagnostics","params":{"uri":"file:///c%3A/Users/AndreLuiz/Documents/SourceApps/Vlang/JsonToVStruct/v.mod","diagnostics":[]}}}
{"kind":"send-notification","timestamp":1685190065,"payload":{"jsonrpc":"2.0","id":55,"result":[{"startLine":0,"startCharacter":7,"endLine":6,"endCharacter":1,"kind":"region"}]}}
{"kind":"recv-request","timestamp":1685190065,"payload":{"jsonrpc":"2.0","id":56,"method":"textDocument/definition","params":{"textDocument":{"uri":"file:///c%3A/Users/AndreLuiz/Documents/SourceApps/Vlang/JsonToVStruct/v.mod"},"position":{"line":5,"character":10}}}}
{"kind":"send-notification","timestamp":1685190065,"payload":{"jsonrpc":"2.0","id":56,"result":null}}
{"kind":"send-notification","timestamp":1685190065,"payload":{"jsonrpc":"2.0","id":56,"result":null}}
{"kind":"recv-request","timestamp":1685190066,"payload":{"jsonrpc":"2.0","id":57,"method":"textDocument/documentLink","params":{"textDocument":{"uri":"file:///c%3A/Users/AndreLuiz/Documents/SourceApps/Vlang/JsonToVStruct/v.mod"}}}}
{"kind":"send-notification","timestamp":1685190066,"payload":{"jsonrpc":"2.0","id":57,"result":null}}
{"kind":"send-notification","timestamp":1685190066,"payload":{"jsonrpc":"2.0","id":57,"result":null}}
{"kind":"recv-request","timestamp":1685190066,"payload":{"jsonrpc":"2.0","id":58,"method":"textDocument/hover","params":{"textDocument":{"uri":"file:///c%3A/Users/AndreLuiz/Documents/SourceApps/Vlang/JsonToVStruct/v.mod"},"position":{"line":3,"character":11}}}}
{"kind":"send-notification","timestamp":1685190066,"payload":{"jsonrpc":"2.0","id":58,"result":{"contents":{"language":"v","value":"pub struct string","_type":"MarkedString"},"range":{"start":{"line":3,"character":10},"end":{"line":3,"character":12}}}}}
{"kind":"recv-notification","timestamp":1685190067,"payload":{"jsonrpc":"2.0","method":"textDocument/didChange","params":{"textDocument":{"uri":"file:///c%3A/Users/AndreLuiz/Documents/SourceApps/Vlang/JsonToVStruct/v.mod","version":3},"contentChanges":[{"range":{"start":{"line":3,"character":11},"end":{"line":3,"character":11}},"rangeLength":0,"text":"0"}]}}}
{"kind":"recv-notification","timestamp":1685190067,"payload":{"jsonrpc":"2.0","method":"textDocument/didChange","params":{"textDocument":{"uri":"file:///c%3A/Users/AndreLuiz/Documents/SourceApps/Vlang/JsonToVStruct/v.mod","version":4},"contentChanges":[{"range":{"start":{"line":3,"character":12},"end":{"line":3,"character":12}},"rangeLength":0,"text":"."}]}}}
{"kind":"recv-request","timestamp":1685190067,"payload":{"jsonrpc":"2.0","id":59,"method":"textDocument/completion","params":{"textDocument":{"uri":"file:///c%3A/Users/AndreLuiz/Documents/SourceApps/Vlang/JsonToVStruct/v.mod"},"position":{"line":3,"character":13},"context":{"triggerKind":2,"triggerCharacter":"."}}}}
{"kind":"send-notification","timestamp":1685190067,"payload":{"jsonrpc":"2.0","id":59,"result":[]}}
{"kind":"recv-notification","timestamp":1685190067,"payload":{"jsonrpc":"2.0","method":"textDocument/didChange","params":{"textDocument":{"uri":"file:///c%3A/Users/AndreLuiz/Documents/SourceApps/Vlang/JsonToVStruct/v.mod","version":5},"contentChanges":[{"range":{"start":{"line":3,"character":13},"end":{"line":3,"character":13}},"rangeLength":0,"text":"0"}]}}}
{"kind":"recv-notification","timestamp":1685190067,"payload":{"jsonrpc":"2.0","method":"textDocument/didChange","params":{"textDocument":{"uri":"file:///c%3A/Users/AndreLuiz/Documents/SourceApps/Vlang/JsonToVStruct/v.mod","version":6},"contentChanges":[{"range":{"start":{"line":3,"character":14},"end":{"line":3,"character":14}},"rangeLength":0,"text":"."}]}}}
{"kind":"recv-request","timestamp":1685190067,"payload":{"jsonrpc":"2.0","id":60,"method":"textDocument/completion","params":{"textDocument":{"uri":"file:///c%3A/Users/AndreLuiz/Documents/SourceApps/Vlang/JsonToVStruct/v.mod"},"position":{"line":3,"character":15},"context":{"triggerKind":2,"triggerCharacter":"."}}}}
{"kind":"send-notification","timestamp":1685190067,"payload":{"jsonrpc":"2.0","id":60,"result":[]}}
{"kind":"recv-request","timestamp":1685190068,"payload":{"jsonrpc":"2.0","id":61,"method":"textDocument/foldingRange","params":{"textDocument":{"uri":"file:///c%3A/Users/AndreLuiz/Documents/SourceApps/Vlang/JsonToVStruct/v.mod"}}}}
{"kind":"send-notification","timestamp":1685190068,"payload":{"jsonrpc":"2.0","id":61,"result":[{"startLine":0,"startCharacter":7,"endLine":6,"endCharacter":1,"kind":"region"}]}}
{"kind":"recv-request","timestamp":1685190068,"payload":{"jsonrpc":"2.0","id":62,"method":"textDocument/codeLens","params":{"textDocument":{"uri":"file:///c%3A/Users/AndreLuiz/Documents/SourceApps/Vlang/JsonToVStruct/v.mod"}}}}
{"kind":"send-notification","timestamp":1685190068,"payload":{"jsonrpc":"2.0","id":62,"result":null}}
{"kind":"send-notification","timestamp":1685190068,"payload":{"jsonrpc":"2.0","id":62,"result":null}}
{"kind":"recv-request","timestamp":1685190068,"payload":{"jsonrpc":"2.0","id":63,"method":"textDocument/documentSymbol","params":{"textDocument":{"uri":"file:///c%3A/Users/AndreLuiz/Documents/SourceApps/Vlang/JsonToVStruct/v.mod"}}}}
{"kind":"send-notification","timestamp":1685190068,"payload":{"jsonrpc":"2.0","id":63,"result":[]}}
{"kind":"recv-request","timestamp":1685190068,"payload":{"jsonrpc":"2.0","id":64,"method":"textDocument/documentSymbol","params":{"textDocument":{"uri":"file:///c%3A/Users/AndreLuiz/Documents/SourceApps/Vlang/JsonToVStruct/v.mod"}}}}
{"kind":"send-notification","timestamp":1685190068,"payload":{"jsonrpc":"2.0","id":64,"result":[]}}
{"kind":"send-notification","timestamp":1685190068,"payload":{"jsonrpc":"2.0","method":"textDocument/publishDiagnostics","params":{"uri":"file:///c%3A/Users/AndreLuiz/Documents/SourceApps/Vlang/JsonToVStruct/v.mod","diagnostics":[]}}}
{"kind":"recv-request","timestamp":1685190068,"payload":{"jsonrpc":"2.0","id":65,"method":"textDocument/foldingRange","params":{"textDocument":{"uri":"file:///c%3A/Users/AndreLuiz/Documents/SourceApps/Vlang/JsonToVStruct/v.mod"}}}}
{"kind":"send-notification","timestamp":1685190068,"payload":{"jsonrpc":"2.0","id":65,"result":[{"startLine":0,"startCharacter":7,"endLine":6,"endCharacter":1,"kind":"region"}]}}
{"kind":"recv-request","timestamp":1685190068,"payload":{"jsonrpc":"2.0","id":66,"method":"textDocument/documentLink","params":{"textDocument":{"uri":"file:///c%3A/Users/AndreLuiz/Documents/SourceApps/Vlang/JsonToVStruct/v.mod"}}}}
{"kind":"send-notification","timestamp":1685190068,"payload":{"jsonrpc":"2.0","id":66,"result":null}}
{"kind":"send-notification","timestamp":1685190068,"payload":{"jsonrpc":"2.0","id":66,"result":null}}
{"kind":"recv-notification","timestamp":1685190070,"payload":{"jsonrpc":"2.0","method":"textDocument/didChange","params":{"textDocument":{"uri":"file:///c%3A/Users/AndreLuiz/Documents/SourceApps/Vlang/JsonToVStruct/v.mod","version":7},"contentChanges":[{"range":{"start":{"line":3,"character":15},"end":{"line":3,"character":15}},"rangeLength":0,"text":"1"}]}}}
{"kind":"recv-request","timestamp":1685190070,"payload":{"jsonrpc":"2.0","id":67,"method":"textDocument/foldingRange","params":{"textDocument":{"uri":"file:///c%3A/Users/AndreLuiz/Documents/SourceApps/Vlang/JsonToVStruct/v.mod"}}}}
{"kind":"send-notification","timestamp":1685190070,"payload":{"jsonrpc":"2.0","id":67,"result":[]}}
{"kind":"recv-request","timestamp":1685190070,"payload":{"jsonrpc":"2.0","id":68,"method":"textDocument/codeLens","params":{"textDocument":{"uri":"file:///c%3A/Users/AndreLuiz/Documents/SourceApps/Vlang/JsonToVStruct/v.mod"}}}}
{"kind":"send-notification","timestamp":1685190070,"payload":{"jsonrpc":"2.0","id":68,"result":null}}
{"kind":"send-notification","timestamp":1685190070,"payload":{"jsonrpc":"2.0","id":68,"result":null}}
{"kind":"send-notification","timestamp":1685190070,"payload":{"jsonrpc":"2.0","method":"textDocument/publishDiagnostics","params":{"uri":"file:///c%3A/Users/AndreLuiz/Documents/SourceApps/Vlang/JsonToVStruct/v.mod","diagnostics":[]}}}
{"kind":"recv-request","timestamp":1685190070,"payload":{"jsonrpc":"2.0","id":69,"method":"textDocument/documentSymbol","params":{"textDocument":{"uri":"file:///c%3A/Users/AndreLuiz/Documents/SourceApps/Vlang/JsonToVStruct/v.mod"}}}}
{"kind":"send-notification","timestamp":1685190070,"payload":{"jsonrpc":"2.0","id":69,"result":[]}}
{"kind":"recv-request","timestamp":1685190070,"payload":{"jsonrpc":"2.0","id":70,"method":"textDocument/documentSymbol","params":{"textDocument":{"uri":"file:///c%3A/Users/AndreLuiz/Documents/SourceApps/Vlang/JsonToVStruct/v.mod"}}}}
{"kind":"send-notification","timestamp":1685190070,"payload":{"jsonrpc":"2.0","id":70,"result":[]}}
{"kind":"recv-request","timestamp":1685190070,"payload":{"jsonrpc":"2.0","id":71,"method":"textDocument/foldingRange","params":{"textDocument":{"uri":"file:///c%3A/Users/AndreLuiz/Documents/SourceApps/Vlang/JsonToVStruct/v.mod"}}}}
{"kind":"send-notification","timestamp":1685190070,"payload":{"jsonrpc":"2.0","id":71,"result":[]}}
{"kind":"recv-request","timestamp":1685190071,"payload":{"jsonrpc":"2.0","id":72,"method":"textDocument/documentLink","params":{"textDocument":{"uri":"file:///c%3A/Users/AndreLuiz/Documents/SourceApps/Vlang/JsonToVStruct/v.mod"}}}}
{"kind":"send-notification","timestamp":1685190071,"payload":{"jsonrpc":"2.0","id":72,"result":null}}
{"kind":"send-notification","timestamp":1685190071,"payload":{"jsonrpc":"2.0","id":72,"result":null}}
{"kind":"recv-request","timestamp":1685190071,"payload":{"jsonrpc":"2.0","id":73,"method":"textDocument/hover","params":{"textDocument":{"uri":"file:///c%3A/Users/AndreLuiz/Documents/SourceApps/Vlang/JsonToVStruct/v.mod"},"position":{"line":4,"character":10}}}}
{"kind":"send-notification","timestamp":1685190071,"payload":{"jsonrpc":"2.0","id":73,"result":null}}
{"kind":"recv-notification","timestamp":1685190073,"payload":{"jsonrpc":"2.0","method":"textDocument/didChange","params":{"textDocument":{"uri":"file:///c%3A/Users/AndreLuiz/Documents/SourceApps/Vlang/JsonToVStruct/v.mod","version":8},"contentChanges":[{"range":{"start":{"line":4,"character":11},"end":{"line":4,"character":11}},"rangeLength":0,"text":"M"}]}}}
{"kind":"recv-notification","timestamp":1685190073,"payload":{"jsonrpc":"2.0","method":"textDocument/didChange","params":{"textDocument":{"uri":"file:///c%3A/Users/AndreLuiz/Documents/SourceApps/Vlang/JsonToVStruct/v.mod","version":9},"contentChanges":[{"range":{"start":{"line":4,"character":12},"end":{"line":4,"character":12}},"rangeLength":0,"text":"I"}]}}}
{"kind":"recv-notification","timestamp":1685190073,"payload":{"jsonrpc":"2.0","method":"textDocument/didChange","params":{"textDocument":{"uri":"file:///c%3A/Users/AndreLuiz/Documents/SourceApps/Vlang/JsonToVStruct/v.mod","version":10},"contentChanges":[{"range":{"start":{"line":4,"character":13},"end":{"line":4,"character":13}},"rangeLength":0,"text":"T"}]}}}
{"kind":"recv-request","timestamp":1685190073,"payload":{"jsonrpc":"2.0","id":74,"method":"textDocument/foldingRange","params":{"textDocument":{"uri":"file:///c%3A/Users/AndreLuiz/Documents/SourceApps/Vlang/JsonToVStruct/v.mod"}}}}
{"kind":"send-notification","timestamp":1685190073,"payload":{"jsonrpc":"2.0","id":74,"result":[{"startLine":0,"startCharacter":7,"endLine":6,"endCharacter":1,"kind":"region"}]}}
{"kind":"recv-request","timestamp":1685190073,"payload":{"jsonrpc":"2.0","id":75,"method":"textDocument/codeLens","params":{"textDocument":{"uri":"file:///c%3A/Users/AndreLuiz/Documents/SourceApps/Vlang/JsonToVStruct/v.mod"}}}}
{"kind":"send-notification","timestamp":1685190073,"payload":{"jsonrpc":"2.0","id":75,"result":null}}
{"kind":"send-notification","timestamp":1685190073,"payload":{"jsonrpc":"2.0","id":75,"result":null}}
{"kind":"recv-request","timestamp":1685190073,"payload":{"jsonrpc":"2.0","id":76,"method":"textDocument/documentSymbol","params":{"textDocument":{"uri":"file:///c%3A/Users/AndreLuiz/Documents/SourceApps/Vlang/JsonToVStruct/v.mod"}}}}
{"kind":"send-notification","timestamp":1685190073,"payload":{"jsonrpc":"2.0","id":76,"result":[]}}
{"kind":"recv-request","timestamp":1685190073,"payload":{"jsonrpc":"2.0","id":77,"method":"textDocument/documentSymbol","params":{"textDocument":{"uri":"file:///c%3A/Users/AndreLuiz/Documents/SourceApps/Vlang/JsonToVStruct/v.mod"}}}}
{"kind":"send-notification","timestamp":1685190073,"payload":{"jsonrpc":"2.0","id":77,"result":[]}}
{"kind":"recv-request","timestamp":1685190073,"payload":{"jsonrpc":"2.0","id":78,"method":"textDocument/foldingRange","params":{"textDocument":{"uri":"file:///c%3A/Users/AndreLuiz/Documents/SourceApps/Vlang/JsonToVStruct/v.mod"}}}}
{"kind":"send-notification","timestamp":1685190073,"payload":{"jsonrpc":"2.0","id":78,"result":[{"startLine":0,"startCharacter":7,"endLine":6,"endCharacter":1,"kind":"region"}]}}
{"kind":"send-notification","timestamp":1685190073,"payload":{"jsonrpc":"2.0","method":"textDocument/publishDiagnostics","params":{"uri":"file:///c%3A/Users/AndreLuiz/Documents/SourceApps/Vlang/JsonToVStruct/v.mod","diagnostics":[]}}}
{"kind":"recv-notification","timestamp":1685190074,"payload":{"jsonrpc":"2.0","method":"textDocument/didSave","params":{"textDocument":{"uri":"file:///c%3A/Users/AndreLuiz/Documents/SourceApps/Vlang/JsonToVStruct/v.mod"}}}}
{"kind":"send-notification","timestamp":1685190074,"payload":{"jsonrpc":"2.0","method":"textDocument/publishDiagnostics","params":{"uri":"file:///c%3A/Users/AndreLuiz/Documents/SourceApps/Vlang/JsonToVStruct/v.mod","diagnostics":[]}}}
{"kind":"recv-request","timestamp":1685190074,"payload":{"jsonrpc":"2.0","id":79,"method":"textDocument/documentLink","params":{"textDocument":{"uri":"file:///c%3A/Users/AndreLuiz/Documents/SourceApps/Vlang/JsonToVStruct/v.mod"}}}}
{"kind":"send-notification","timestamp":1685190074,"payload":{"jsonrpc":"2.0","id":79,"result":null}}
{"kind":"send-notification","timestamp":1685190074,"payload":{"jsonrpc":"2.0","id":79,"result":null}}
{"kind":"recv-request","timestamp":1685190088,"payload":{"jsonrpc":"2.0","id":80,"method":"textDocument/codeLens","params":{"textDocument":{"uri":"file:///c%3A/Users/AndreLuiz/Documents/SourceApps/Vlang/JsonToVStruct/v.mod"}}}}
{"kind":"send-notification","timestamp":1685190088,"payload":{"jsonrpc":"2.0","id":80,"result":null}}
{"kind":"send-notification","timestamp":1685190088,"payload":{"jsonrpc":"2.0","id":80,"result":null}}
{"kind":"recv-notification","timestamp":1685190089,"payload":{"jsonrpc":"2.0","method":"textDocument/didSave","params":{"textDocument":{"uri":"file:///c%3A/Users/AndreLuiz/Documents/SourceApps/Vlang/JsonToVStruct/v.mod"}}}}
{"kind":"send-notification","timestamp":1685190090,"payload":{"jsonrpc":"2.0","method":"textDocument/publishDiagnostics","params":{"uri":"file:///c%3A/Users/AndreLuiz/Documents/SourceApps/Vlang/JsonToVStruct/v.mod","diagnostics":[]}}}
{"kind":"recv-request","timestamp":1685190095,"payload":{"jsonrpc":"2.0","id":81,"method":"textDocument/documentLink","params":{"textDocument":{"uri":"file:///c%3A/Users/AndreLuiz/Documents/SourceApps/Vlang/JsonToVStruct/v.mod"}}}}
{"kind":"send-notification","timestamp":1685190095,"payload":{"jsonrpc":"2.0","id":81,"result":null}}
{"kind":"send-notification","timestamp":1685190095,"payload":{"jsonrpc":"2.0","id":81,"result":null}}
{"kind":"recv-request","timestamp":1685190095,"payload":{"jsonrpc":"2.0","id":82,"method":"textDocument/foldingRange","params":{"textDocument":{"uri":"file:///c%3A/Users/AndreLuiz/Documents/SourceApps/Vlang/JsonToVStruct/v.mod"}}}}
{"kind":"send-notification","timestamp":1685190095,"payload":{"jsonrpc":"2.0","id":82,"result":[{"startLine":0,"startCharacter":7,"endLine":6,"endCharacter":1,"kind":"region"}]}}
{"kind":"recv-request","timestamp":1685190095,"payload":{"jsonrpc":"2.0","id":83,"method":"textDocument/codeLens","params":{"textDocument":{"uri":"file:///c%3A/Users/AndreLuiz/Documents/SourceApps/Vlang/JsonToVStruct/v.mod"}}}}
{"kind":"send-notification","timestamp":1685190095,"payload":{"jsonrpc":"2.0","id":83,"result":null}}
{"kind":"send-notification","timestamp":1685190095,"payload":{"jsonrpc":"2.0","id":83,"result":null}}
{"kind":"recv-request","timestamp":1685190095,"payload":{"jsonrpc":"2.0","id":84,"method":"textDocument/documentSymbol","params":{"textDocument":{"uri":"file:///c%3A/Users/AndreLuiz/Documents/SourceApps/Vlang/JsonToVStruct/v.mod"}}}}
{"kind":"send-notification","timestamp":1685190095,"payload":{"jsonrpc":"2.0","id":84,"result":[]}}
{"kind":"recv-request","timestamp":1685190095,"payload":{"jsonrpc":"2.0","id":85,"method":"textDocument/foldingRange","params":{"textDocument":{"uri":"file:///c%3A/Users/AndreLuiz/Documents/SourceApps/Vlang/JsonToVStruct/v.mod"}}}}
{"kind":"send-notification","timestamp":1685190095,"payload":{"jsonrpc":"2.0","id":85,"result":[{"startLine":0,"startCharacter":7,"endLine":6,"endCharacter":1,"kind":"region"}]}}
{"kind":"recv-request","timestamp":1685190223,"payload":{"jsonrpc":"2.0","id":86,"method":"textDocument/codeLens","params":{"textDocument":{"uri":"file:///c%3A/Users/AndreLuiz/Documents/SourceApps/Vlang/JsonToVStruct/v.mod"}}}}
{"kind":"send-notification","timestamp":1685190223,"payload":{"jsonrpc":"2.0","id":86,"result":null}}
{"kind":"send-notification","timestamp":1685190223,"payload":{"jsonrpc":"2.0","id":86,"result":null}}
